Using pre-set license
Built from '2022.3/staging' branch; Version is '2022.3.2f1 (d74737c6db50) revision 14108471'; Using compiler version '192829333'; Build Type 'Release'
OS: 'Windows 10  (10.0.19045) 64bit Enterprise' Language: 'es' Physical Memory: 8071 MB
BatchMode: 1, IsHumanControllingUs: 0, StartBugReporterOnCrash: 0, Is64bit: 1, IsPro: 1

COMMAND LINE ARGUMENTS:
C:\Program Files\Unity 2022.3.2f1\Editor\Unity.exe
-adb2
-batchMode
-noUpm
-name
AssetImportWorker7
-projectPath
C:/IA/IA_Practica
-logFile
Logs/AssetImportWorker7.log
-srvPort
64098
Successfully changed project path to: C:/IA/IA_Practica
C:/IA/IA_Practica
[UnityMemory] Configuration Parameters - Can be set up in boot.config
    "memorysetup-bucket-allocator-granularity=16"
    "memorysetup-bucket-allocator-bucket-count=8"
    "memorysetup-bucket-allocator-block-size=33554432"
    "memorysetup-bucket-allocator-block-count=8"
    "memorysetup-main-allocator-block-size=16777216"
    "memorysetup-thread-allocator-block-size=16777216"
    "memorysetup-gfx-main-allocator-block-size=16777216"
    "memorysetup-gfx-thread-allocator-block-size=16777216"
    "memorysetup-cache-allocator-block-size=4194304"
    "memorysetup-typetree-allocator-block-size=2097152"
    "memorysetup-profiler-bucket-allocator-granularity=16"
    "memorysetup-profiler-bucket-allocator-bucket-count=8"
    "memorysetup-profiler-bucket-allocator-block-size=33554432"
    "memorysetup-profiler-bucket-allocator-block-count=8"
    "memorysetup-profiler-allocator-block-size=16777216"
    "memorysetup-profiler-editor-allocator-block-size=1048576"
    "memorysetup-temp-allocator-size-main=16777216"
    "memorysetup-job-temp-allocator-block-size=2097152"
    "memorysetup-job-temp-allocator-block-size-background=1048576"
    "memorysetup-job-temp-allocator-reduction-small-platforms=262144"
    "memorysetup-allocator-temp-initial-block-size-main=262144"
    "memorysetup-allocator-temp-initial-block-size-worker=262144"
    "memorysetup-temp-allocator-size-background-worker=32768"
    "memorysetup-temp-allocator-size-job-worker=262144"
    "memorysetup-temp-allocator-size-preload-manager=33554432"
    "memorysetup-temp-allocator-size-nav-mesh-worker=65536"
    "memorysetup-temp-allocator-size-audio-worker=65536"
    "memorysetup-temp-allocator-size-cloud-worker=32768"
    "memorysetup-temp-allocator-size-gi-baking-worker=262144"
    "memorysetup-temp-allocator-size-gfx=262144"
Player connection [8580] Host "[IP] 10.125.4.21 [Port] 0 [Flags] 2 [Guid] 2996379103 [EditorId] 2996379103 [Version] 1048832 [Id] WindowsEditor(7,QO-QUIN-A502-11) [Debug] 1 [PackageName] WindowsEditor [ProjectName] Editor" joined multi-casting on [225.0.0.222:54997]...

Player connection [8580] Host "[IP] 10.125.4.21 [Port] 0 [Flags] 2 [Guid] 2996379103 [EditorId] 2996379103 [Version] 1048832 [Id] WindowsEditor(7,QO-QUIN-A502-11) [Debug] 1 [PackageName] WindowsEditor [ProjectName] Editor" joined alternative multi-casting on [225.0.0.222:34997]...

Refreshing native plugins compatible for Editor in 295.15 ms, found 4 plugins.
Preloading 0 native plugins for Editor in 0.06 ms.
Initialize engine version: 2022.3.2f1 (d74737c6db50)
[Subsystems] Discovering subsystems at path C:/Program Files/Unity 2022.3.2f1/Editor/Data/Resources/UnitySubsystems
[Subsystems] Discovering subsystems at path C:/IA/IA_Practica/Assets
GfxDevice: creating device client; threaded=0; jobified=0
Direct3D:
    Version:  Direct3D 11.0 [level 11.1]
    Renderer: NVIDIA GeForce GTX 970 (ID=0x13c2)
    Vendor:   NVIDIA
    VRAM:     4037 MB
    Driver:   31.0.15.3623
Initialize mono
Mono path[0] = 'C:/Program Files/Unity 2022.3.2f1/Editor/Data/Managed'
Mono path[1] = 'C:/Program Files/Unity 2022.3.2f1/Editor/Data/MonoBleedingEdge/lib/mono/unityjit-win32'
Mono config path = 'C:/Program Files/Unity 2022.3.2f1/Editor/Data/MonoBleedingEdge/etc'
Using monoOptions --debugger-agent=transport=dt_socket,embedding=1,server=y,suspend=n,address=127.0.0.1:56016
Begin MonoManager ReloadAssembly
Registering precompiled unity dll's ...
Register platform support module: C:/Program Files/Unity 2022.3.2f1/Editor/Data/PlaybackEngines/WebGLSupport/UnityEditor.WebGL.Extensions.dll
Register platform support module: C:/Program Files/Unity 2022.3.2f1/Editor/Data/PlaybackEngines/AndroidPlayer/UnityEditor.Android.Extensions.dll
Register platform support module: C:/Program Files/Unity 2022.3.2f1/Editor/Data/PlaybackEngines/iOSSupport/UnityEditor.iOS.Extensions.dll
Register platform support module: C:/Program Files/Unity 2022.3.2f1/Editor/Data/PlaybackEngines/WindowsStandaloneSupport/UnityEditor.WindowsStandalone.Extensions.dll
Registered in 0.177354 seconds.
- Loaded All Assemblies, in  7.294 seconds
Native extension for WindowsStandalone target not found
[usbmuxd] Start listen thread
[usbmuxd] Listen thread started
Native extension for iOS target not found
Native extension for Android target not found
Native extension for WebGL target not found
Mono: successfully reloaded assembly
- Finished resetting the current domain, in  8.600 seconds
Domain Reload Profiling: 15840ms
	BeginReloadAssembly (1825ms)
		ExecutionOrderSort (0ms)
		DisableScriptedObjects (0ms)
		BackupInstance (0ms)
		ReleaseScriptingObjects (0ms)
		CreateAndSetChildDomain (23ms)
	RebuildCommonClasses (671ms)
	RebuildNativeTypeToScriptingClass (214ms)
	initialDomainReloadingComplete (1073ms)
	LoadAllAssembliesAndSetupDomain (3449ms)
		LoadAssemblies (1801ms)
		RebuildTransferFunctionScriptingTraits (0ms)
		AnalyzeDomain (3334ms)
			TypeCache.Refresh (3323ms)
				TypeCache.ScanAssembly (3154ms)
			ScanForSourceGeneratedMonoScriptInfo (5ms)
			ResolveRequiredComponents (7ms)
	FinalizeReload (8607ms)
		ReleaseScriptCaches (0ms)
		RebuildScriptCaches (0ms)
		SetupLoadedEditorAssemblies (7428ms)
			LogAssemblyErrors (0ms)
			InitializePlatformSupportModulesInManaged (2403ms)
			SetLoadedEditorAssemblies (75ms)
			RefreshPlugins (0ms)
			BeforeProcessingInitializeOnLoad (49ms)
			ProcessInitializeOnLoadAttributes (3383ms)
			ProcessInitializeOnLoadMethodAttributes (1518ms)
			AfterProcessingInitializeOnLoad (1ms)
			EditorAssembliesLoaded (1ms)
		ExecutionOrderSort2 (0ms)
		AwakeInstancesAfterBackupRestoration (0ms)
========================================================================
Worker process is ready to serve import requests
Begin MonoManager ReloadAssembly
Symbol file LoadedFromMemory doesn't match image C:\IA\IA_Practica\Library\PackageCache\com.unity.visualscripting@1.8.0\Editor\VisualScripting.Core\Dependencies\YamlDotNet\Unity.VisualScripting.YamlDotNet.dll
Symbol file LoadedFromMemory doesn't match image C:\IA\IA_Practica\Library\PackageCache\com.unity.visualscripting@1.8.0\Editor\VisualScripting.Core\Dependencies\DotNetZip\Unity.VisualScripting.IonicZip.dll
- Loaded All Assemblies, in 31.106 seconds
Refreshing native plugins compatible for Editor in 181.94 ms, found 4 plugins.
Native extension for WindowsStandalone target not found
Native extension for iOS target not found
Native extension for Android target not found
Native extension for WebGL target not found
Mono: successfully reloaded assembly
- Finished resetting the current domain, in 91.628 seconds
Domain Reload Profiling: 122682ms
	BeginReloadAssembly (7118ms)
		ExecutionOrderSort (0ms)
		DisableScriptedObjects (205ms)
		BackupInstance (0ms)
		ReleaseScriptingObjects (4ms)
		CreateAndSetChildDomain (1127ms)
	RebuildCommonClasses (1532ms)
	RebuildNativeTypeToScriptingClass (319ms)
	initialDomainReloadingComplete (1002ms)
	LoadAllAssembliesAndSetupDomain (21082ms)
		LoadAssemblies (15125ms)
		RebuildTransferFunctionScriptingTraits (0ms)
		AnalyzeDomain (10426ms)
			TypeCache.Refresh (9699ms)
				TypeCache.ScanAssembly (9277ms)
			ScanForSourceGeneratedMonoScriptInfo (545ms)
			ResolveRequiredComponents (182ms)
	FinalizeReload (91629ms)
		ReleaseScriptCaches (0ms)
		RebuildScriptCaches (0ms)
		SetupLoadedEditorAssemblies (76481ms)
			LogAssemblyErrors (0ms)
			InitializePlatformSupportModulesInManaged (4852ms)
			SetLoadedEditorAssemblies (546ms)
			RefreshPlugins (0ms)
			BeforeProcessingInitializeOnLoad (8019ms)
			ProcessInitializeOnLoadAttributes (59988ms)
			ProcessInitializeOnLoadMethodAttributes (3063ms)
			AfterProcessingInitializeOnLoad (14ms)
			EditorAssembliesLoaded (0ms)
		ExecutionOrderSort2 (0ms)
		AwakeInstancesAfterBackupRestoration (12ms)
Launched and connected shader compiler UnityShaderCompiler.exe after 0.47 seconds
Refreshing native plugins compatible for Editor in 47.08 ms, found 4 plugins.
Preloading 0 native plugins for Editor in 0.00 ms.
Unloading 4012 Unused Serialized files (Serialized files now loaded: 0)
Unloading 69 unused Assets / (245.2 KB). Loaded Objects now: 4474.
Memory consumption went from 144.3 MB to 144.1 MB.
Total: 9.198600 ms (FindLiveObjects: 0.681900 ms CreateObjectMapping: 1.257000 ms MarkObjects: 6.647900 ms  DeleteObjects: 0.610500 ms)

AssetImportParameters requested are different than current active one (requested -> active):
  custom:container-demuxer-ogg: 62fdf1f143b41e24485cea50d1cbac27 -> 
  custom:video-decoder-ogg-theora: a1e56fd34408186e4bbccfd4996cb3dc -> 
  custom:framework-win-MediaFoundation: 216162199b28c13a410421893ffa2e32 -> 
  custom:container-demuxer-webm: 4f35f7cbe854078d1ac9338744f61a02 -> 
  custom:container-muxer-webm: aa71ff27fc2769a1b78a27578f13a17b -> 
  custom:video-decoder-webm-vp8: 9c59270c3fd7afecdb556c50c9e8de78 -> 
  custom:AudioImporter_EditorPlatform: d09bf68614088b80899f8185d706f6e7 -> 
  custom:video-encoder-webm-vp8: eb34c28f22e8b96e1ab97ce403110664 -> 
  custom:audio-decoder-ogg-vorbis: bf7c407c2cedff20999df2af8eb42d56 -> 
  custom:audio-encoder-webm-vorbis: bf7c407c2cedff20999df2af8eb42d56 -> 
========================================================================
Received Prepare
Begin MonoManager ReloadAssembly
Symbol file LoadedFromMemory doesn't match image C:\IA\IA_Practica\Library\PackageCache\com.unity.visualscripting@1.8.0\Editor\VisualScripting.Core\Dependencies\YamlDotNet\Unity.VisualScripting.YamlDotNet.dll
Symbol file LoadedFromMemory doesn't match image C:\IA\IA_Practica\Library\PackageCache\com.unity.visualscripting@1.8.0\Editor\VisualScripting.Core\Dependencies\DotNetZip\Unity.VisualScripting.IonicZip.dll
- Loaded All Assemblies, in  5.265 seconds
Refreshing native plugins compatible for Editor in 35.12 ms, found 4 plugins.
Native extension for WindowsStandalone target not found
Native extension for iOS target not found
Native extension for Android target not found
Native extension for WebGL target not found
Mono: successfully reloaded assembly
- Finished resetting the current domain, in 10.732 seconds
Domain Reload Profiling: 15981ms
	BeginReloadAssembly (1014ms)
		ExecutionOrderSort (0ms)
		DisableScriptedObjects (65ms)
		BackupInstance (0ms)
		ReleaseScriptingObjects (0ms)
		CreateAndSetChildDomain (116ms)
	RebuildCommonClasses (150ms)
	RebuildNativeTypeToScriptingClass (21ms)
	initialDomainReloadingComplete (209ms)
	LoadAllAssembliesAndSetupDomain (3854ms)
		LoadAssemblies (1891ms)
		RebuildTransferFunctionScriptingTraits (0ms)
		AnalyzeDomain (2721ms)
			TypeCache.Refresh (2711ms)
				TypeCache.ScanAssembly (2685ms)
			ScanForSourceGeneratedMonoScriptInfo (0ms)
			ResolveRequiredComponents (9ms)
	FinalizeReload (10733ms)
		ReleaseScriptCaches (0ms)
		RebuildScriptCaches (0ms)
		SetupLoadedEditorAssemblies (679ms)
			LogAssemblyErrors (0ms)
			InitializePlatformSupportModulesInManaged (86ms)
			SetLoadedEditorAssemblies (6ms)
			RefreshPlugins (0ms)
			BeforeProcessingInitializeOnLoad (121ms)
			ProcessInitializeOnLoadAttributes (397ms)
			ProcessInitializeOnLoadMethodAttributes (52ms)
			AfterProcessingInitializeOnLoad (18ms)
			EditorAssembliesLoaded (0ms)
		ExecutionOrderSort2 (0ms)
		AwakeInstancesAfterBackupRestoration (31ms)
Refreshing native plugins compatible for Editor in 73.61 ms, found 4 plugins.
Preloading 0 native plugins for Editor in 0.00 ms.
Unloading 4006 Unused Serialized files (Serialized files now loaded: 0)
Unloading 41 unused Assets / (217.1 KB). Loaded Objects now: 4479.
Memory consumption went from 142.2 MB to 142.0 MB.
Total: 16.489600 ms (FindLiveObjects: 0.550600 ms CreateObjectMapping: 0.343300 ms MarkObjects: 12.671000 ms  DeleteObjects: 2.923500 ms)

Prepare: number of updated asset objects reloaded= 0
AssetImportParameters requested are different than current active one (requested -> active):
  custom:container-demuxer-ogg: 62fdf1f143b41e24485cea50d1cbac27 -> 
  custom:video-decoder-ogg-theora: a1e56fd34408186e4bbccfd4996cb3dc -> 
  custom:framework-win-MediaFoundation: 216162199b28c13a410421893ffa2e32 -> 
  custom:container-demuxer-webm: 4f35f7cbe854078d1ac9338744f61a02 -> 
  custom:container-muxer-webm: aa71ff27fc2769a1b78a27578f13a17b -> 
  custom:video-decoder-webm-vp8: 9c59270c3fd7afecdb556c50c9e8de78 -> 
  custom:AudioImporter_EditorPlatform: d09bf68614088b80899f8185d706f6e7 -> 
  custom:video-encoder-webm-vp8: eb34c28f22e8b96e1ab97ce403110664 -> 
  custom:audio-decoder-ogg-vorbis: bf7c407c2cedff20999df2af8eb42d56 -> 
  custom:audio-encoder-webm-vorbis: bf7c407c2cedff20999df2af8eb42d56 -> 
========================================================================
Received Import Request.
  Time since last request: 945.376155 seconds.
  path: Assets/Prefabs/GameManager.prefab
  artifactKey: Guid(1f54754c41c64a04aac6945bc71af6ca) Importer(815301076,1909f56bfc062723c751e8b465ee728b)
Start importing Assets/Prefabs/GameManager.prefab using Guid(1f54754c41c64a04aac6945bc71af6ca) Importer(815301076,1909f56bfc062723c751e8b465ee728b)  -> (artifact id: '3f2deed0d4bfc5669e7ab24e48e42c12') in 0.415378 seconds
Number of updated asset objects reloaded before import = 0
Number of asset objects unloaded after import = 60
========================================================================
Received Prepare
Begin MonoManager ReloadAssembly
Symbol file LoadedFromMemory doesn't match image C:\IA\IA_Practica\Library\PackageCache\com.unity.visualscripting@1.8.0\Editor\VisualScripting.Core\Dependencies\YamlDotNet\Unity.VisualScripting.YamlDotNet.dll
Symbol file LoadedFromMemory doesn't match image C:\IA\IA_Practica\Library\PackageCache\com.unity.visualscripting@1.8.0\Editor\VisualScripting.Core\Dependencies\DotNetZip\Unity.VisualScripting.IonicZip.dll
- Loaded All Assemblies, in  1.568 seconds
Refreshing native plugins compatible for Editor in 13.66 ms, found 4 plugins.
Native extension for WindowsStandalone target not found
Native extension for iOS target not found
Native extension for Android target not found
Native extension for WebGL target not found
Mono: successfully reloaded assembly
- Finished resetting the current domain, in  4.937 seconds
Domain Reload Profiling: 6499ms
	BeginReloadAssembly (411ms)
		ExecutionOrderSort (0ms)
		DisableScriptedObjects (17ms)
		BackupInstance (0ms)
		ReleaseScriptingObjects (0ms)
		CreateAndSetChildDomain (58ms)
	RebuildCommonClasses (61ms)
	RebuildNativeTypeToScriptingClass (15ms)
	initialDomainReloadingComplete (48ms)
	LoadAllAssembliesAndSetupDomain (1027ms)
		LoadAssemblies (856ms)
		RebuildTransferFunctionScriptingTraits (0ms)
		AnalyzeDomain (437ms)
			TypeCache.Refresh (426ms)
				TypeCache.ScanAssembly (409ms)
			ScanForSourceGeneratedMonoScriptInfo (4ms)
			ResolveRequiredComponents (6ms)
	FinalizeReload (4937ms)
		ReleaseScriptCaches (0ms)
		RebuildScriptCaches (0ms)
		SetupLoadedEditorAssemblies (519ms)
			LogAssemblyErrors (0ms)
			InitializePlatformSupportModulesInManaged (51ms)
			SetLoadedEditorAssemblies (4ms)
			RefreshPlugins (0ms)
			BeforeProcessingInitializeOnLoad (99ms)
			ProcessInitializeOnLoadAttributes (310ms)
			ProcessInitializeOnLoadMethodAttributes (43ms)
			AfterProcessingInitializeOnLoad (12ms)
			EditorAssembliesLoaded (0ms)
		ExecutionOrderSort2 (0ms)
		AwakeInstancesAfterBackupRestoration (17ms)
Refreshing native plugins compatible for Editor in 12.61 ms, found 4 plugins.
Preloading 0 native plugins for Editor in 0.00 ms.
Unloading 4005 Unused Serialized files (Serialized files now loaded: 0)
Unloading 41 unused Assets / (217.4 KB). Loaded Objects now: 4484.
Memory consumption went from 142.0 MB to 141.7 MB.
Total: 3.744900 ms (FindLiveObjects: 0.330900 ms CreateObjectMapping: 0.323900 ms MarkObjects: 2.889500 ms  DeleteObjects: 0.199400 ms)

Prepare: number of updated asset objects reloaded= 0
AssetImportParameters requested are different than current active one (requested -> active):
  custom:container-demuxer-ogg: 62fdf1f143b41e24485cea50d1cbac27 -> 
  custom:video-decoder-ogg-theora: a1e56fd34408186e4bbccfd4996cb3dc -> 
  custom:framework-win-MediaFoundation: 216162199b28c13a410421893ffa2e32 -> 
  custom:container-demuxer-webm: 4f35f7cbe854078d1ac9338744f61a02 -> 
  custom:container-muxer-webm: aa71ff27fc2769a1b78a27578f13a17b -> 
  custom:video-decoder-webm-vp8: 9c59270c3fd7afecdb556c50c9e8de78 -> 
  custom:AudioImporter_EditorPlatform: d09bf68614088b80899f8185d706f6e7 -> 
  custom:video-encoder-webm-vp8: eb34c28f22e8b96e1ab97ce403110664 -> 
  custom:audio-decoder-ogg-vorbis: bf7c407c2cedff20999df2af8eb42d56 -> 
  custom:audio-encoder-webm-vorbis: bf7c407c2cedff20999df2af8eb42d56 -> 
========================================================================
Received Prepare
Begin MonoManager ReloadAssembly
Symbol file LoadedFromMemory doesn't match image C:\IA\IA_Practica\Library\PackageCache\com.unity.visualscripting@1.8.0\Editor\VisualScripting.Core\Dependencies\YamlDotNet\Unity.VisualScripting.YamlDotNet.dll
Symbol file LoadedFromMemory doesn't match image C:\IA\IA_Practica\Library\PackageCache\com.unity.visualscripting@1.8.0\Editor\VisualScripting.Core\Dependencies\DotNetZip\Unity.VisualScripting.IonicZip.dll
- Loaded All Assemblies, in  1.271 seconds
Refreshing native plugins compatible for Editor in 14.11 ms, found 4 plugins.
Native extension for WindowsStandalone target not found
Native extension for iOS target not found
Native extension for Android target not found
Native extension for WebGL target not found
Mono: successfully reloaded assembly
- Finished resetting the current domain, in  2.819 seconds
Domain Reload Profiling: 4085ms
	BeginReloadAssembly (335ms)
		ExecutionOrderSort (0ms)
		DisableScriptedObjects (18ms)
		BackupInstance (0ms)
		ReleaseScriptingObjects (0ms)
		CreateAndSetChildDomain (47ms)
	RebuildCommonClasses (52ms)
	RebuildNativeTypeToScriptingClass (25ms)
	initialDomainReloadingComplete (49ms)
	LoadAllAssembliesAndSetupDomain (803ms)
		LoadAssemblies (649ms)
		RebuildTransferFunctionScriptingTraits (0ms)
		AnalyzeDomain (375ms)
			TypeCache.Refresh (366ms)
				TypeCache.ScanAssembly (350ms)
			ScanForSourceGeneratedMonoScriptInfo (4ms)
			ResolveRequiredComponents (5ms)
	FinalizeReload (2819ms)
		ReleaseScriptCaches (0ms)
		RebuildScriptCaches (0ms)
		SetupLoadedEditorAssemblies (439ms)
			LogAssemblyErrors (0ms)
			InitializePlatformSupportModulesInManaged (48ms)
			SetLoadedEditorAssemblies (4ms)
			RefreshPlugins (0ms)
			BeforeProcessingInitializeOnLoad (88ms)
			ProcessInitializeOnLoadAttributes (252ms)
			ProcessInitializeOnLoadMethodAttributes (37ms)
			AfterProcessingInitializeOnLoad (11ms)
			EditorAssembliesLoaded (0ms)
		ExecutionOrderSort2 (0ms)
		AwakeInstancesAfterBackupRestoration (19ms)
Refreshing native plugins compatible for Editor in 10.40 ms, found 4 plugins.
Preloading 0 native plugins for Editor in 0.00 ms.
Unloading 4006 Unused Serialized files (Serialized files now loaded: 0)
Unloading 41 unused Assets / (216.9 KB). Loaded Objects now: 4488.
Memory consumption went from 142.2 MB to 142.0 MB.
Total: 4.063400 ms (FindLiveObjects: 0.323900 ms CreateObjectMapping: 0.338200 ms MarkObjects: 3.174600 ms  DeleteObjects: 0.225400 ms)

Prepare: number of updated asset objects reloaded= 0
AssetImportParameters requested are different than current active one (requested -> active):
  custom:container-demuxer-ogg: 62fdf1f143b41e24485cea50d1cbac27 -> 
  custom:video-decoder-ogg-theora: a1e56fd34408186e4bbccfd4996cb3dc -> 
  custom:framework-win-MediaFoundation: 216162199b28c13a410421893ffa2e32 -> 
  custom:container-demuxer-webm: 4f35f7cbe854078d1ac9338744f61a02 -> 
  custom:container-muxer-webm: aa71ff27fc2769a1b78a27578f13a17b -> 
  custom:video-decoder-webm-vp8: 9c59270c3fd7afecdb556c50c9e8de78 -> 
  custom:AudioImporter_EditorPlatform: d09bf68614088b80899f8185d706f6e7 -> 
  custom:video-encoder-webm-vp8: eb34c28f22e8b96e1ab97ce403110664 -> 
  custom:audio-decoder-ogg-vorbis: bf7c407c2cedff20999df2af8eb42d56 -> 
  custom:audio-encoder-webm-vorbis: bf7c407c2cedff20999df2af8eb42d56 -> 
========================================================================
Received Import Request.
  Time since last request: 1687.024789 seconds.
  path: Assets/Scripts/DataStructures/NodeClass.cs
  artifactKey: Guid(295f2fe243334e040b676cf32e8c6d80) Importer(815301076,1909f56bfc062723c751e8b465ee728b)
Start importing Assets/Scripts/DataStructures/NodeClass.cs using Guid(295f2fe243334e040b676cf32e8c6d80) Importer(815301076,1909f56bfc062723c751e8b465ee728b)  -> (artifact id: '0803afc33cfb7563916e699691c68857') in 0.002119 seconds
Number of updated asset objects reloaded before import = 0
Number of asset objects unloaded after import = 0
========================================================================
Received Import Request.
  Time since last request: 4.449693 seconds.
  path: Assets/Scripts/DataStructures/Node.cs
  artifactKey: Guid(295f2fe243334e040b676cf32e8c6d80) Importer(815301076,1909f56bfc062723c751e8b465ee728b)
Start importing Assets/Scripts/DataStructures/Node.cs using Guid(295f2fe243334e040b676cf32e8c6d80) Importer(815301076,1909f56bfc062723c751e8b465ee728b)  -> (artifact id: '491667de7a2e1b3be0710b1f0b9f2d3b') in 0.437458 seconds
Number of updated asset objects reloaded before import = 0
Number of asset objects unloaded after import = 0
========================================================================
Received Import Request.
  Time since last request: 0.003253 seconds.
  path: Assets/Scripts/DataStructures/Node.cs
  artifactKey: Guid(295f2fe243334e040b676cf32e8c6d80) Importer(815301076,1909f56bfc062723c751e8b465ee728b)
Start importing Assets/Scripts/DataStructures/Node.cs using Guid(295f2fe243334e040b676cf32e8c6d80) Importer(815301076,1909f56bfc062723c751e8b465ee728b)  -> (artifact id: '491667de7a2e1b3be0710b1f0b9f2d3b') in 0.001002 seconds
Number of updated asset objects reloaded before import = 0
Number of asset objects unloaded after import = 0
========================================================================
Received Prepare
Begin MonoManager ReloadAssembly
Symbol file LoadedFromMemory doesn't match image C:\IA\IA_Practica\Library\PackageCache\com.unity.visualscripting@1.8.0\Editor\VisualScripting.Core\Dependencies\YamlDotNet\Unity.VisualScripting.YamlDotNet.dll
Symbol file LoadedFromMemory doesn't match image C:\IA\IA_Practica\Library\PackageCache\com.unity.visualscripting@1.8.0\Editor\VisualScripting.Core\Dependencies\DotNetZip\Unity.VisualScripting.IonicZip.dll
- Loaded All Assemblies, in  2.000 seconds
Refreshing native plugins compatible for Editor in 21.03 ms, found 4 plugins.
Native extension for WindowsStandalone target not found
Native extension for iOS target not found
Native extension for Android target not found
Native extension for WebGL target not found
Mono: successfully reloaded assembly
- Finished resetting the current domain, in  6.725 seconds
Domain Reload Profiling: 8712ms
	BeginReloadAssembly (360ms)
		ExecutionOrderSort (0ms)
		DisableScriptedObjects (15ms)
		BackupInstance (0ms)
		ReleaseScriptingObjects (0ms)
		CreateAndSetChildDomain (62ms)
	RebuildCommonClasses (55ms)
	RebuildNativeTypeToScriptingClass (16ms)
	initialDomainReloadingComplete (59ms)
	LoadAllAssembliesAndSetupDomain (1497ms)
		LoadAssemblies (1073ms)
		RebuildTransferFunctionScriptingTraits (0ms)
		AnalyzeDomain (644ms)
			TypeCache.Refresh (630ms)
				TypeCache.ScanAssembly (608ms)
			ScanForSourceGeneratedMonoScriptInfo (6ms)
			ResolveRequiredComponents (8ms)
	FinalizeReload (6726ms)
		ReleaseScriptCaches (0ms)
		RebuildScriptCaches (0ms)
		SetupLoadedEditorAssemblies (610ms)
			LogAssemblyErrors (0ms)
			InitializePlatformSupportModulesInManaged (64ms)
			SetLoadedEditorAssemblies (6ms)
			RefreshPlugins (0ms)
			BeforeProcessingInitializeOnLoad (124ms)
			ProcessInitializeOnLoadAttributes (350ms)
			ProcessInitializeOnLoadMethodAttributes (49ms)
			AfterProcessingInitializeOnLoad (16ms)
			EditorAssembliesLoaded (0ms)
		ExecutionOrderSort2 (0ms)
		AwakeInstancesAfterBackupRestoration (28ms)
Refreshing native plugins compatible for Editor in 17.71 ms, found 4 plugins.
Preloading 0 native plugins for Editor in 0.00 ms.
Unloading 4006 Unused Serialized files (Serialized files now loaded: 0)
Unloading 41 unused Assets / (217.1 KB). Loaded Objects now: 4493.
Memory consumption went from 142.0 MB to 141.7 MB.
Total: 5.590800 ms (FindLiveObjects: 0.433700 ms CreateObjectMapping: 0.396600 ms MarkObjects: 4.453800 ms  DeleteObjects: 0.305600 ms)

Prepare: number of updated asset objects reloaded= 0
AssetImportParameters requested are different than current active one (requested -> active):
  custom:container-demuxer-ogg: 62fdf1f143b41e24485cea50d1cbac27 -> 
  custom:video-decoder-ogg-theora: a1e56fd34408186e4bbccfd4996cb3dc -> 
  custom:framework-win-MediaFoundation: 216162199b28c13a410421893ffa2e32 -> 
  custom:container-demuxer-webm: 4f35f7cbe854078d1ac9338744f61a02 -> 
  custom:container-muxer-webm: aa71ff27fc2769a1b78a27578f13a17b -> 
  custom:video-decoder-webm-vp8: 9c59270c3fd7afecdb556c50c9e8de78 -> 
  custom:AudioImporter_EditorPlatform: d09bf68614088b80899f8185d706f6e7 -> 
  custom:video-encoder-webm-vp8: eb34c28f22e8b96e1ab97ce403110664 -> 
  custom:audio-decoder-ogg-vorbis: bf7c407c2cedff20999df2af8eb42d56 -> 
  custom:audio-encoder-webm-vorbis: bf7c407c2cedff20999df2af8eb42d56 -> 
========================================================================
Received Import Request.
  Time since last request: 23.647556 seconds.
  path: Assets/Scripts/DataStructures/Node.cs
  artifactKey: Guid(295f2fe243334e040b676cf32e8c6d80) Importer(815301076,1909f56bfc062723c751e8b465ee728b)
Start importing Assets/Scripts/DataStructures/Node.cs using Guid(295f2fe243334e040b676cf32e8c6d80) Importer(815301076,1909f56bfc062723c751e8b465ee728b)  -> (artifact id: '4dcc68ece5ac40c6a7b43233f83f5cc8') in 0.010121 seconds
Number of updated asset objects reloaded before import = 0
Number of asset objects unloaded after import = 0
========================================================================
Received Prepare
Begin MonoManager ReloadAssembly
Symbol file LoadedFromMemory doesn't match image C:\IA\IA_Practica\Library\PackageCache\com.unity.visualscripting@1.8.0\Editor\VisualScripting.Core\Dependencies\YamlDotNet\Unity.VisualScripting.YamlDotNet.dll
Symbol file LoadedFromMemory doesn't match image C:\IA\IA_Practica\Library\PackageCache\com.unity.visualscripting@1.8.0\Editor\VisualScripting.Core\Dependencies\DotNetZip\Unity.VisualScripting.IonicZip.dll
- Loaded All Assemblies, in  1.264 seconds
Refreshing native plugins compatible for Editor in 12.88 ms, found 4 plugins.
Native extension for WindowsStandalone target not found
Native extension for iOS target not found
Native extension for Android target not found
Native extension for WebGL target not found
Mono: successfully reloaded assembly
- Finished resetting the current domain, in  3.069 seconds
Domain Reload Profiling: 4325ms
	BeginReloadAssembly (342ms)
		ExecutionOrderSort (0ms)
		DisableScriptedObjects (16ms)
		BackupInstance (0ms)
		ReleaseScriptingObjects (0ms)
		CreateAndSetChildDomain (48ms)
	RebuildCommonClasses (50ms)
	RebuildNativeTypeToScriptingClass (15ms)
	initialDomainReloadingComplete (50ms)
	LoadAllAssembliesAndSetupDomain (798ms)
		LoadAssemblies (646ms)
		RebuildTransferFunctionScriptingTraits (0ms)
		AnalyzeDomain (379ms)
			TypeCache.Refresh (368ms)
				TypeCache.ScanAssembly (349ms)
			ScanForSourceGeneratedMonoScriptInfo (4ms)
			ResolveRequiredComponents (8ms)
	FinalizeReload (3070ms)
		ReleaseScriptCaches (0ms)
		RebuildScriptCaches (0ms)
		SetupLoadedEditorAssemblies (485ms)
			LogAssemblyErrors (0ms)
			InitializePlatformSupportModulesInManaged (49ms)
			SetLoadedEditorAssemblies (5ms)
			RefreshPlugins (0ms)
			BeforeProcessingInitializeOnLoad (98ms)
			ProcessInitializeOnLoadAttributes (259ms)
			ProcessInitializeOnLoadMethodAttributes (61ms)
			AfterProcessingInitializeOnLoad (13ms)
			EditorAssembliesLoaded (0ms)
		ExecutionOrderSort2 (0ms)
		AwakeInstancesAfterBackupRestoration (18ms)
Refreshing native plugins compatible for Editor in 14.04 ms, found 4 plugins.
Preloading 0 native plugins for Editor in 0.00 ms.
Unloading 4006 Unused Serialized files (Serialized files now loaded: 0)
Unloading 41 unused Assets / (217.1 KB). Loaded Objects now: 4497.
Memory consumption went from 142.0 MB to 141.7 MB.
Total: 3.897200 ms (FindLiveObjects: 0.334400 ms CreateObjectMapping: 0.321400 ms MarkObjects: 2.945800 ms  DeleteObjects: 0.294700 ms)

Prepare: number of updated asset objects reloaded= 0
AssetImportParameters requested are different than current active one (requested -> active):
  custom:container-demuxer-ogg: 62fdf1f143b41e24485cea50d1cbac27 -> 
  custom:video-decoder-ogg-theora: a1e56fd34408186e4bbccfd4996cb3dc -> 
  custom:framework-win-MediaFoundation: 216162199b28c13a410421893ffa2e32 -> 
  custom:container-demuxer-webm: 4f35f7cbe854078d1ac9338744f61a02 -> 
  custom:container-muxer-webm: aa71ff27fc2769a1b78a27578f13a17b -> 
  custom:video-decoder-webm-vp8: 9c59270c3fd7afecdb556c50c9e8de78 -> 
  custom:AudioImporter_EditorPlatform: d09bf68614088b80899f8185d706f6e7 -> 
  custom:video-encoder-webm-vp8: eb34c28f22e8b96e1ab97ce403110664 -> 
  custom:audio-decoder-ogg-vorbis: bf7c407c2cedff20999df2af8eb42d56 -> 
  custom:audio-encoder-webm-vorbis: bf7c407c2cedff20999df2af8eb42d56 -> 
========================================================================
Received Import Request.
  Time since last request: 247.973591 seconds.
  path: Assets/Scripts/AbstractPathMind.cs
  artifactKey: Guid(554636c400246cd4ea98aab6a305913d) Importer(815301076,1909f56bfc062723c751e8b465ee728b)
Start importing Assets/Scripts/AbstractPathMind.cs using Guid(554636c400246cd4ea98aab6a305913d) Importer(815301076,1909f56bfc062723c751e8b465ee728b)  -> (artifact id: 'e437d2fd232fb20274d7261fee10920a') in 0.003200 seconds
Number of updated asset objects reloaded before import = 0
Number of asset objects unloaded after import = 0
========================================================================
Received Import Request.
  Time since last request: 9.834733 seconds.
  path: Assets/Scripts/GameManager.cs
  artifactKey: Guid(5bbb417fd29e7744dbcc5c2074257fe5) Importer(815301076,1909f56bfc062723c751e8b465ee728b)
Start importing Assets/Scripts/GameManager.cs using Guid(5bbb417fd29e7744dbcc5c2074257fe5) Importer(815301076,1909f56bfc062723c751e8b465ee728b)  -> (artifact id: '41040d63d9d71b0480ed0aa04f078089') in 0.001025 seconds
Number of updated asset objects reloaded before import = 0
Number of asset objects unloaded after import = 0
========================================================================
Received Import Request.
  Time since last request: 65.885126 seconds.
  path: Assets/Scripts/CharacterBehaviour.cs
  artifactKey: Guid(c4ca0900837c1eb48bad0755f37d915b) Importer(815301076,1909f56bfc062723c751e8b465ee728b)
Start importing Assets/Scripts/CharacterBehaviour.cs using Guid(c4ca0900837c1eb48bad0755f37d915b) Importer(815301076,1909f56bfc062723c751e8b465ee728b)  -> (artifact id: '8dd68b2be314111d7936f04ab4cd7747') in 0.001113 seconds
Number of updated asset objects reloaded before import = 0
Number of asset objects unloaded after import = 0
========================================================================
Received Import Request.
  Time since last request: 53.613088 seconds.
  path: Assets/Scripts/Locomotion.cs
  artifactKey: Guid(2b9f7f879df120348a72e75a4d635fdf) Importer(815301076,1909f56bfc062723c751e8b465ee728b)
Start importing Assets/Scripts/Locomotion.cs using Guid(2b9f7f879df120348a72e75a4d635fdf) Importer(815301076,1909f56bfc062723c751e8b465ee728b)  -> (artifact id: '1d0c2a5ffd35dfd9882f1d424a37991c') in 0.000917 seconds
Number of updated asset objects reloaded before import = 0
Number of asset objects unloaded after import = 0
========================================================================
Received Import Request.
  Time since last request: 227.690797 seconds.
  path: Assets/Scripts
  artifactKey: Guid(21d584e3230f33c4480f2d9871b4efe2) Importer(815301076,1909f56bfc062723c751e8b465ee728b)
Start importing Assets/Scripts using Guid(21d584e3230f33c4480f2d9871b4efe2) Importer(815301076,1909f56bfc062723c751e8b465ee728b)  -> (artifact id: 'f49f14e42b4e55dde4bae5b1e6550c0d') in 0.001407 seconds
Number of updated asset objects reloaded before import = 0
Number of asset objects unloaded after import = 0
========================================================================
Received Import Request.
  Time since last request: 16.632985 seconds.
  path: Assets/Scripts/AStar
  artifactKey: Guid(8c8154fb55851aa4da2b5cfbe34b0bfa) Importer(815301076,1909f56bfc062723c751e8b465ee728b)
Start importing Assets/Scripts/AStar using Guid(8c8154fb55851aa4da2b5cfbe34b0bfa) Importer(815301076,1909f56bfc062723c751e8b465ee728b)  -> (artifact id: '1098a0c64fd71e32be002e41e316d55e') in 0.001035 seconds
Number of updated asset objects reloaded before import = 0
Number of asset objects unloaded after import = 0
========================================================================
Received Import Request.
  Time since last request: 17.320009 seconds.
  path: Assets/Scripts/AStar/AStarMind.cs
  artifactKey: Guid(ed8d2b56da63e6443aa2b297b19fc60a) Importer(815301076,1909f56bfc062723c751e8b465ee728b)
Start importing Assets/Scripts/AStar/AStarMind.cs using Guid(ed8d2b56da63e6443aa2b297b19fc60a) Importer(815301076,1909f56bfc062723c751e8b465ee728b)  -> (artifact id: 'c9966a73fd34323da8c22a9ea9f56c63') in 0.011945 seconds
Number of updated asset objects reloaded before import = 0
Number of asset objects unloaded after import = 0
========================================================================
Received Prepare
Begin MonoManager ReloadAssembly
Symbol file LoadedFromMemory doesn't match image C:\IA\IA_Practica\Library\PackageCache\com.unity.visualscripting@1.8.0\Editor\VisualScripting.Core\Dependencies\YamlDotNet\Unity.VisualScripting.YamlDotNet.dll
Symbol file LoadedFromMemory doesn't match image C:\IA\IA_Practica\Library\PackageCache\com.unity.visualscripting@1.8.0\Editor\VisualScripting.Core\Dependencies\DotNetZip\Unity.VisualScripting.IonicZip.dll
- Loaded All Assemblies, in  1.519 seconds
Refreshing native plugins compatible for Editor in 18.37 ms, found 4 plugins.
Native extension for WindowsStandalone target not found
Native extension for iOS target not found
Native extension for Android target not found
Native extension for WebGL target not found
Mono: successfully reloaded assembly
- Finished resetting the current domain, in  6.339 seconds
Domain Reload Profiling: 7852ms
	BeginReloadAssembly (347ms)
		ExecutionOrderSort (0ms)
		DisableScriptedObjects (16ms)
		BackupInstance (0ms)
		ReleaseScriptingObjects (0ms)
		CreateAndSetChildDomain (47ms)
	RebuildCommonClasses (51ms)
	RebuildNativeTypeToScriptingClass (20ms)
	initialDomainReloadingComplete (53ms)
	LoadAllAssembliesAndSetupDomain (1041ms)
		LoadAssemblies (744ms)
		RebuildTransferFunctionScriptingTraits (0ms)
		AnalyzeDomain (525ms)
			TypeCache.Refresh (509ms)
				TypeCache.ScanAssembly (482ms)
			ScanForSourceGeneratedMonoScriptInfo (6ms)
			ResolveRequiredComponents (10ms)
	FinalizeReload (6340ms)
		ReleaseScriptCaches (0ms)
		RebuildScriptCaches (0ms)
		SetupLoadedEditorAssemblies (946ms)
			LogAssemblyErrors (0ms)
			InitializePlatformSupportModulesInManaged (60ms)
			SetLoadedEditorAssemblies (5ms)
			RefreshPlugins (0ms)
			BeforeProcessingInitializeOnLoad (131ms)
			ProcessInitializeOnLoadAttributes (646ms)
			ProcessInitializeOnLoadMethodAttributes (91ms)
			AfterProcessingInitializeOnLoad (13ms)
			EditorAssembliesLoaded (0ms)
		ExecutionOrderSort2 (0ms)
		AwakeInstancesAfterBackupRestoration (22ms)
Refreshing native plugins compatible for Editor in 28.67 ms, found 4 plugins.
Preloading 0 native plugins for Editor in 0.00 ms.
Unloading 4007 Unused Serialized files (Serialized files now loaded: 0)
Unloading 41 unused Assets / (217.2 KB). Loaded Objects now: 4502.
Memory consumption went from 142.0 MB to 141.8 MB.
Total: 7.450100 ms (FindLiveObjects: 0.418500 ms CreateObjectMapping: 0.388000 ms MarkObjects: 6.308000 ms  DeleteObjects: 0.334300 ms)

Prepare: number of updated asset objects reloaded= 0
AssetImportParameters requested are different than current active one (requested -> active):
  custom:container-demuxer-ogg: 62fdf1f143b41e24485cea50d1cbac27 -> 
  custom:video-decoder-ogg-theora: a1e56fd34408186e4bbccfd4996cb3dc -> 
  custom:framework-win-MediaFoundation: 216162199b28c13a410421893ffa2e32 -> 
  custom:container-demuxer-webm: 4f35f7cbe854078d1ac9338744f61a02 -> 
  custom:container-muxer-webm: aa71ff27fc2769a1b78a27578f13a17b -> 
  custom:video-decoder-webm-vp8: 9c59270c3fd7afecdb556c50c9e8de78 -> 
  custom:AudioImporter_EditorPlatform: d09bf68614088b80899f8185d706f6e7 -> 
  custom:video-encoder-webm-vp8: eb34c28f22e8b96e1ab97ce403110664 -> 
  custom:audio-decoder-ogg-vorbis: bf7c407c2cedff20999df2af8eb42d56 -> 
  custom:audio-encoder-webm-vorbis: bf7c407c2cedff20999df2af8eb42d56 -> 
========================================================================
Received Import Request.
  Time since last request: 21.325267 seconds.
  path: Assets/Scripts/AStar/AStarMind.cs
  artifactKey: Guid(ed8d2b56da63e6443aa2b297b19fc60a) Importer(815301076,1909f56bfc062723c751e8b465ee728b)
Start importing Assets/Scripts/AStar/AStarMind.cs using Guid(ed8d2b56da63e6443aa2b297b19fc60a) Importer(815301076,1909f56bfc062723c751e8b465ee728b)  -> (artifact id: '44c0ece6cce1477f72f2d159e39ba1fd') in 0.002974 seconds
Number of updated asset objects reloaded before import = 0
Number of asset objects unloaded after import = 0
========================================================================
Received Import Request.
  Time since last request: 90.310210 seconds.
  path: Assets/Scripts/AStar/AStarMind.cs
  artifactKey: Guid(ed8d2b56da63e6443aa2b297b19fc60a) Importer(815301076,1909f56bfc062723c751e8b465ee728b)
Start importing Assets/Scripts/AStar/AStarMind.cs using Guid(ed8d2b56da63e6443aa2b297b19fc60a) Importer(815301076,1909f56bfc062723c751e8b465ee728b)  -> (artifact id: '1c5db58fb27730491adc6203246389a4') in 0.000702 seconds
Number of updated asset objects reloaded before import = 0
Number of asset objects unloaded after import = 0
========================================================================
Received Import Request.
  Time since last request: 299.896377 seconds.
  path: Assets/Scripts/AStar/AStarMind.cs
  artifactKey: Guid(ed8d2b56da63e6443aa2b297b19fc60a) Importer(815301076,1909f56bfc062723c751e8b465ee728b)
Start importing Assets/Scripts/AStar/AStarMind.cs using Guid(ed8d2b56da63e6443aa2b297b19fc60a) Importer(815301076,1909f56bfc062723c751e8b465ee728b)  -> (artifact id: '9be0f4ad75a5e515ea68efaf93825e65') in 0.001903 seconds
Number of updated asset objects reloaded before import = 0
Number of asset objects unloaded after import = 0
========================================================================
Received Import Request.
  Time since last request: 250.723354 seconds.
  path: Assets/Scripts/AStar/AStarMind.cs
  artifactKey: Guid(ed8d2b56da63e6443aa2b297b19fc60a) Importer(815301076,1909f56bfc062723c751e8b465ee728b)
Start importing Assets/Scripts/AStar/AStarMind.cs using Guid(ed8d2b56da63e6443aa2b297b19fc60a) Importer(815301076,1909f56bfc062723c751e8b465ee728b)  -> (artifact id: '62c2abfd18459e0a27fa27f1664e15b9') in 0.001564 seconds
Number of updated asset objects reloaded before import = 0
Number of asset objects unloaded after import = 0
========================================================================
Received Import Request.
  Time since last request: 448.693626 seconds.
  path: Assets/Scripts/AStar/AStarMind.cs
  artifactKey: Guid(ed8d2b56da63e6443aa2b297b19fc60a) Importer(815301076,1909f56bfc062723c751e8b465ee728b)
Start importing Assets/Scripts/AStar/AStarMind.cs using Guid(ed8d2b56da63e6443aa2b297b19fc60a) Importer(815301076,1909f56bfc062723c751e8b465ee728b)  -> (artifact id: '3430f99235d56427ce0d0cc9980d3359') in 0.001737 seconds
Number of updated asset objects reloaded before import = 0
Number of asset objects unloaded after import = 0
========================================================================
Received Import Request.
  Time since last request: 459.543575 seconds.
  path: Assets/Scripts/AStar/AStarMind.cs
  artifactKey: Guid(ed8d2b56da63e6443aa2b297b19fc60a) Importer(815301076,1909f56bfc062723c751e8b465ee728b)
Start importing Assets/Scripts/AStar/AStarMind.cs using Guid(ed8d2b56da63e6443aa2b297b19fc60a) Importer(815301076,1909f56bfc062723c751e8b465ee728b)  -> (artifact id: 'aeafcb2ea3c449d64ee8a07f6e05c4b9') in 0.001410 seconds
Number of updated asset objects reloaded before import = 0
Number of asset objects unloaded after import = 0
========================================================================
Received Import Request.
  Time since last request: 5.562691 seconds.
  path: Assets/Scripts/AStar/AStarMind.cs
  artifactKey: Guid(ed8d2b56da63e6443aa2b297b19fc60a) Importer(815301076,1909f56bfc062723c751e8b465ee728b)
Start importing Assets/Scripts/AStar/AStarMind.cs using Guid(ed8d2b56da63e6443aa2b297b19fc60a) Importer(815301076,1909f56bfc062723c751e8b465ee728b)  -> (artifact id: 'f2b65c774d2ce0500e025be194b745bf') in 0.000794 seconds
Number of updated asset objects reloaded before import = 0
Number of asset objects unloaded after import = 0
========================================================================
Received Import Request.
  Time since last request: 1036.942504 seconds.
  path: Assets/Scripts/AStar/AStarMind.cs
  artifactKey: Guid(ed8d2b56da63e6443aa2b297b19fc60a) Importer(815301076,1909f56bfc062723c751e8b465ee728b)
Start importing Assets/Scripts/AStar/AStarMind.cs using Guid(ed8d2b56da63e6443aa2b297b19fc60a) Importer(815301076,1909f56bfc062723c751e8b465ee728b)  -> (artifact id: '3c8c6e3574782726c692c8d434a2c2b6') in 0.002675 seconds
Number of updated asset objects reloaded before import = 0
Number of asset objects unloaded after import = 0
========================================================================
Received Import Request.
  Time since last request: 180.248627 seconds.
  path: Assets/Scripts/AStar/AStarMind.cs
  artifactKey: Guid(ed8d2b56da63e6443aa2b297b19fc60a) Importer(815301076,1909f56bfc062723c751e8b465ee728b)
Start importing Assets/Scripts/AStar/AStarMind.cs using Guid(ed8d2b56da63e6443aa2b297b19fc60a) Importer(815301076,1909f56bfc062723c751e8b465ee728b)  -> (artifact id: 'bd9a60ee27ee89c11739803af5fba4bc') in 0.001057 seconds
Number of updated asset objects reloaded before import = 0
Number of asset objects unloaded after import = 0
========================================================================
Received Import Request.
  Time since last request: 22.387087 seconds.
  path: Assets/Scripts/AStar/AStarMind.cs
  artifactKey: Guid(ed8d2b56da63e6443aa2b297b19fc60a) Importer(815301076,1909f56bfc062723c751e8b465ee728b)
Start importing Assets/Scripts/AStar/AStarMind.cs using Guid(ed8d2b56da63e6443aa2b297b19fc60a) Importer(815301076,1909f56bfc062723c751e8b465ee728b)  -> (artifact id: 'b5a5680928a4d25277e4ffd604d34ec7') in 0.000648 seconds
Number of updated asset objects reloaded before import = 0
Number of asset objects unloaded after import = 0
========================================================================
Received Import Request.
  Time since last request: 36.574960 seconds.
  path: Assets/Scripts/AStar/AStarMind.cs
  artifactKey: Guid(ed8d2b56da63e6443aa2b297b19fc60a) Importer(815301076,1909f56bfc062723c751e8b465ee728b)
Start importing Assets/Scripts/AStar/AStarMind.cs using Guid(ed8d2b56da63e6443aa2b297b19fc60a) Importer(815301076,1909f56bfc062723c751e8b465ee728b)  -> (artifact id: 'bde35edc018af53e89555eb8b3d68ba3') in 0.000893 seconds
Number of updated asset objects reloaded before import = 0
Number of asset objects unloaded after import = 0
========================================================================
Received Import Request.
  Time since last request: 193.375318 seconds.
  path: Assets/Scripts/AStar/AStarMind.cs
  artifactKey: Guid(ed8d2b56da63e6443aa2b297b19fc60a) Importer(815301076,1909f56bfc062723c751e8b465ee728b)
Start importing Assets/Scripts/AStar/AStarMind.cs using Guid(ed8d2b56da63e6443aa2b297b19fc60a) Importer(815301076,1909f56bfc062723c751e8b465ee728b)  -> (artifact id: '9e5694554993ceaf4551bf37601f0cf4') in 0.000715 seconds
Number of updated asset objects reloaded before import = 0
Number of asset objects unloaded after import = 0
========================================================================
Received Import Request.
  Time since last request: 665.424303 seconds.
  path: Assets/Scripts/AStar/AStarMind.cs
  artifactKey: Guid(ed8d2b56da63e6443aa2b297b19fc60a) Importer(815301076,1909f56bfc062723c751e8b465ee728b)
Start importing Assets/Scripts/AStar/AStarMind.cs using Guid(ed8d2b56da63e6443aa2b297b19fc60a) Importer(815301076,1909f56bfc062723c751e8b465ee728b)  -> (artifact id: '5fb85020f00403c530365cfab8a9f64c') in 0.001100 seconds
Number of updated asset objects reloaded before import = 0
Number of asset objects unloaded after import = 0
========================================================================
Received Import Request.
  Time since last request: 51.412267 seconds.
  path: Assets/Scripts/AStar/AStarMind.cs
  artifactKey: Guid(ed8d2b56da63e6443aa2b297b19fc60a) Importer(815301076,1909f56bfc062723c751e8b465ee728b)
Start importing Assets/Scripts/AStar/AStarMind.cs using Guid(ed8d2b56da63e6443aa2b297b19fc60a) Importer(815301076,1909f56bfc062723c751e8b465ee728b)  -> (artifact id: '412ae980ff9bf202cf1dba7e985796f8') in 0.000955 seconds
Number of updated asset objects reloaded before import = 0
Number of asset objects unloaded after import = 0
